<?xml version="1.0" encoding="UTF-8"?>
<testng-results ignored="0" total="1" passed="1" failed="0" skipped="0">
  <reporter-output>
  </reporter-output>
  <suite started-at="2023-07-03T16:33:31 IST" name="Default suite" finished-at="2023-07-03T16:33:49 IST" duration-ms="18331">
    <groups>
    </groups>
    <test started-at="2023-07-03T16:33:31 IST" name="Default test" finished-at="2023-07-03T16:33:49 IST" duration-ms="18331">
      <class name="myPack.AmazonAssing">
        <test-method is-config="true" signature="setup()[pri:0, instance:myPack.AmazonAssing@28701274]" started-at="2023-07-03T16:33:31 IST" name="setup" finished-at="2023-07-03T16:33:38 IST" duration-ms="6770" status="PASS">
          <reporter-output>
          </reporter-output>
        </test-method> <!-- setup -->
        <test-method signature="testScript()[pri:0, instance:myPack.AmazonAssing@28701274]" started-at="2023-07-03T16:33:38 IST" name="testScript" finished-at="2023-07-03T16:33:49 IST" duration-ms="11494" status="PASS">
          <reporter-output>
          </reporter-output>
        </test-method> <!-- testScript -->
      </class> <!-- myPack.AmazonAssing -->
    </test> <!-- Default test -->
  </suite> <!-- Default suite -->
</testng-results>
